34.0 APEX_CODE,DEBUG;APEX_PROFILING,INFO;CALLOUT,INFO;DB,INFO;SYSTEM,DEBUG;VALIDATION,INFO;VISUALFORCE,DEBUG;WORKFLOW,INFO
17:17:26.0 (85389)|EXECUTION_STARTED
17:17:26.0 (116937)|CODE_UNIT_STARTED|[EXTERNAL]|TRIGGERS
17:17:26.0 (1101629)|CODE_UNIT_STARTED|[EXTERNAL]|01q58000000QPMS|TerrUserTrigger on TerrUser trigger event BeforeDelete for [a0358000001McgP]
17:17:26.7 (7203658)|CUMULATIVE_LIMIT_USAGE
17:17:26.7 (7203658)|LIMIT_USAGE_FOR_NS|(default)|
  Number of SOQL queries: 0 out of 100
  Number of query rows: 0 out of 50000
  Number of SOSL queries: 0 out of 20
  Number of DML statements: 0 out of 150
  Number of DML rows: 0 out of 10000
  Maximum CPU time: 0 out of 10000
  Maximum heap size: 0 out of 6000000
  Number of callouts: 0 out of 100
  Number of Email Invocations: 0 out of 10
  Number of future calls: 0 out of 50
  Number of queueable jobs added to the queue: 0 out of 50
  Number of Mobile Apex push calls: 0 out of 10

17:17:26.7 (7203658)|CUMULATIVE_LIMIT_USAGE_END

17:17:26.0 (8225313)|CODE_UNIT_FINISHED|TerrUserTrigger on TerrUser trigger event BeforeDelete for [a0358000001McgP]
17:17:26.0 (97836737)|CODE_UNIT_STARTED|[EXTERNAL]|01q58000000QPMS|TerrUserTrigger on TerrUser trigger event AfterDelete for [a0358000001McgP]
17:17:26.98 (98724049)|CUMULATIVE_LIMIT_USAGE
17:17:26.98 (98724049)|LIMIT_USAGE_FOR_NS|(default)|
  Number of SOQL queries: 0 out of 100
  Number of query rows: 0 out of 50000
  Number of SOSL queries: 0 out of 20
  Number of DML statements: 0 out of 150
  Number of DML rows: 0 out of 10000
  Maximum CPU time: 0 out of 10000
  Maximum heap size: 0 out of 6000000
  Number of callouts: 0 out of 100
  Number of Email Invocations: 0 out of 10
  Number of future calls: 0 out of 50
  Number of queueable jobs added to the queue: 0 out of 50
  Number of Mobile Apex push calls: 0 out of 10

17:17:26.98 (98724049)|CUMULATIVE_LIMIT_USAGE_END

17:17:26.0 (99861818)|CODE_UNIT_FINISHED|TerrUserTrigger on TerrUser trigger event AfterDelete for [a0358000001McgP]
17:17:26.0 (108207237)|CODE_UNIT_FINISHED|TRIGGERS
17:17:26.0 (108216193)|EXECUTION_FINISHED
