34.0 APEX_CODE,DEBUG;APEX_PROFILING,INFO;CALLOUT,INFO;DB,INFO;SYSTEM,DEBUG;VALIDATION,INFO;VISUALFORCE,DEBUG;WORKFLOW,INFO
17:19:06.0 (319056)|EXECUTION_STARTED
17:19:06.0 (348032)|CODE_UNIT_STARTED|[EXTERNAL]|TRIGGERS
17:19:06.0 (384784)|CODE_UNIT_STARTED|[EXTERNAL]|01q58000000QPMS|TerrUserTrigger on TerrUser trigger event BeforeInsert for [new]
17:19:06.0 (24187807)|SOQL_EXECUTE_BEGIN|[43]|Aggregations:0|SELECT Territory__c, User__c FROM TerrUser__c 
17:19:06.0 (27436414)|SOQL_EXECUTE_END|[43]|Rows:0
17:19:06.27 (27706930)|CUMULATIVE_LIMIT_USAGE
17:19:06.27 (27706930)|LIMIT_USAGE_FOR_NS|(default)|
  Number of SOQL queries: 1 out of 100
  Number of query rows: 0 out of 50000
  Number of SOSL queries: 0 out of 20
  Number of DML statements: 0 out of 150
  Number of DML rows: 0 out of 10000
  Maximum CPU time: 0 out of 10000
  Maximum heap size: 0 out of 6000000
  Number of callouts: 0 out of 100
  Number of Email Invocations: 0 out of 10
  Number of future calls: 0 out of 50
  Number of queueable jobs added to the queue: 0 out of 50
  Number of Mobile Apex push calls: 0 out of 10

17:19:06.27 (27706930)|CUMULATIVE_LIMIT_USAGE_END

17:19:06.0 (29335486)|CODE_UNIT_FINISHED|TerrUserTrigger on TerrUser trigger event BeforeInsert for [new]
17:19:06.0 (113207822)|CODE_UNIT_STARTED|[EXTERNAL]|01q58000000QPMS|TerrUserTrigger on TerrUser trigger event AfterInsert for [a0358000001McgU]
17:19:06.0 (115102912)|SOQL_EXECUTE_BEGIN|[22]|Aggregations:0|SELECT Id FROM User WHERE Id IN (SELECT User__c FROM TerrUser__c WHERE Id = :tmpVar1)
17:19:06.0 (119950398)|SOQL_EXECUTE_END|[22]|Rows:1
17:19:06.0 (123119744)|SOQL_EXECUTE_BEGIN|[28]|Aggregations:2|SELECT Id, Name, (SELECT Id, Name FROM Accounts__r), (SELECT Id, User__c FROM TerrUsers__r) FROM Territory__c 
17:19:06.0 (130031999)|SOQL_EXECUTE_END|[28]|Rows:1
17:19:06.0 (135277036)|USER_DEBUG|[26]|INFO|*** sharingRule: AccountShare:{AccountId=001580000030QVGAA2, AccountAccessLevel=Read, OpportunityAccessLevel=None, CaseAccessLevel=None, UserOrGroupId=00558000000TjDaAAK}
17:19:06.0 (135523230)|USER_DEBUG|[26]|INFO|*** sharingRule: AccountShare:{AccountId=001580000030QV7AAM, AccountAccessLevel=Read, OpportunityAccessLevel=None, CaseAccessLevel=None, UserOrGroupId=00558000000TjDaAAK}
17:19:06.0 (135732984)|USER_DEBUG|[26]|INFO|*** sharingRule: AccountShare:{AccountId=001580000030QVHAA2, AccountAccessLevel=Read, OpportunityAccessLevel=None, CaseAccessLevel=None, UserOrGroupId=00558000000TjDaAAK}
17:19:06.0 (136070849)|DML_BEGIN|[73]|Op:Insert|Type:AccountShare|Rows:3
17:19:06.0 (265026813)|DML_END|[73]
17:19:06.0 (265437177)|USER_DEBUG|[98]|INFO|*** All inserted: 
17:19:06.0 (265499824)|USER_DEBUG|[98]|INFO|*** All inserted: 
17:19:06.0 (265553998)|USER_DEBUG|[98]|INFO|*** All inserted: 
17:19:06.265 (265645069)|CUMULATIVE_LIMIT_USAGE
17:19:06.265 (265645069)|LIMIT_USAGE_FOR_NS|(default)|
  Number of SOQL queries: 3 out of 100
  Number of query rows: 2 out of 50000
  Number of SOSL queries: 0 out of 20
  Number of DML statements: 1 out of 150
  Number of DML rows: 3 out of 10000
  Maximum CPU time: 0 out of 10000
  Maximum heap size: 0 out of 6000000
  Number of callouts: 0 out of 100
  Number of Email Invocations: 0 out of 10
  Number of future calls: 0 out of 50
  Number of queueable jobs added to the queue: 0 out of 50
  Number of Mobile Apex push calls: 0 out of 10

17:19:06.265 (265645069)|CUMULATIVE_LIMIT_USAGE_END

17:19:06.0 (267847837)|CODE_UNIT_FINISHED|TerrUserTrigger on TerrUser trigger event AfterInsert for [a0358000001McgU]
17:19:06.0 (286769709)|CODE_UNIT_FINISHED|TRIGGERS
17:19:06.0 (286781314)|EXECUTION_FINISHED
