34.0 APEX_CODE,DEBUG;APEX_PROFILING,INFO;CALLOUT,INFO;DB,INFO;SYSTEM,DEBUG;VALIDATION,INFO;VISUALFORCE,DEBUG;WORKFLOW,INFO
17:18:52.0 (368547)|EXECUTION_STARTED
17:18:52.0 (403888)|CODE_UNIT_STARTED|[EXTERNAL]|01q58000000QPMX|TerritoryTrigger on Territory trigger event AfterUndelete for [a0158000000xrZR]
17:18:52.1 (1336391)|CUMULATIVE_LIMIT_USAGE
17:18:52.1 (1336391)|LIMIT_USAGE_FOR_NS|(default)|
  Number of SOQL queries: 0 out of 100
  Number of query rows: 0 out of 50000
  Number of SOSL queries: 0 out of 20
  Number of DML statements: 0 out of 150
  Number of DML rows: 0 out of 10000
  Maximum CPU time: 0 out of 10000
  Maximum heap size: 0 out of 6000000
  Number of callouts: 0 out of 100
  Number of Email Invocations: 0 out of 10
  Number of future calls: 0 out of 50
  Number of queueable jobs added to the queue: 0 out of 50
  Number of Mobile Apex push calls: 0 out of 10

17:18:52.1 (1336391)|CUMULATIVE_LIMIT_USAGE_END

17:18:52.0 (3015856)|CODE_UNIT_FINISHED|TerritoryTrigger on Territory trigger event AfterUndelete for [a0158000000xrZR]
17:18:52.0 (4459580)|EXECUTION_FINISHED
