34.0 APEX_CODE,DEBUG;APEX_PROFILING,INFO;CALLOUT,INFO;DB,INFO;SYSTEM,DEBUG;VALIDATION,INFO;VISUALFORCE,DEBUG;WORKFLOW,INFO
17:18:32.0 (353639)|EXECUTION_STARTED
17:18:32.0 (382218)|CODE_UNIT_STARTED|[EXTERNAL]|TRIGGERS
17:18:32.0 (1340208)|CODE_UNIT_STARTED|[EXTERNAL]|01q58000000QPMX|TerritoryTrigger on Territory trigger event BeforeDelete for [a0158000000xrZR]
17:18:32.2 (2085849)|CUMULATIVE_LIMIT_USAGE
17:18:32.2 (2085849)|LIMIT_USAGE_FOR_NS|(default)|
  Number of SOQL queries: 0 out of 100
  Number of query rows: 0 out of 50000
  Number of SOSL queries: 0 out of 20
  Number of DML statements: 0 out of 150
  Number of DML rows: 0 out of 10000
  Maximum CPU time: 0 out of 10000
  Maximum heap size: 0 out of 6000000
  Number of callouts: 0 out of 100
  Number of Email Invocations: 0 out of 10
  Number of future calls: 0 out of 50
  Number of queueable jobs added to the queue: 0 out of 50
  Number of Mobile Apex push calls: 0 out of 10

17:18:32.2 (2085849)|CUMULATIVE_LIMIT_USAGE_END

17:18:32.0 (3112253)|CODE_UNIT_FINISHED|TerritoryTrigger on Territory trigger event BeforeDelete for [a0158000000xrZR]
17:18:32.0 (186621236)|CODE_UNIT_STARTED|[EXTERNAL]|01q58000000QPMX|TerritoryTrigger on Territory trigger event AfterDelete for [a0158000000xrZR]
17:18:32.186 (186844702)|CUMULATIVE_LIMIT_USAGE
17:18:32.186 (186844702)|LIMIT_USAGE_FOR_NS|(default)|
  Number of SOQL queries: 0 out of 100
  Number of query rows: 0 out of 50000
  Number of SOSL queries: 0 out of 20
  Number of DML statements: 0 out of 150
  Number of DML rows: 0 out of 10000
  Maximum CPU time: 0 out of 10000
  Maximum heap size: 0 out of 6000000
  Number of callouts: 0 out of 100
  Number of Email Invocations: 0 out of 10
  Number of future calls: 0 out of 50
  Number of queueable jobs added to the queue: 0 out of 50
  Number of Mobile Apex push calls: 0 out of 10

17:18:32.186 (186844702)|CUMULATIVE_LIMIT_USAGE_END

17:18:32.0 (188022513)|CODE_UNIT_FINISHED|TerritoryTrigger on Territory trigger event AfterDelete for [a0158000000xrZR]
17:18:32.0 (203682243)|CODE_UNIT_FINISHED|TRIGGERS
17:18:32.0 (203694648)|EXECUTION_FINISHED
